#
# There is insufficient memory for the Java Runtime Environment to continue.
# Native memory allocation (malloc) failed to allocate 1043296 bytes for Chunk::new
# Possible reasons:
#   The system is out of physical RAM or swap space
#   The process is running with CompressedOops enabled, and the Java Heap may be blocking the growth of the native heap
# Possible solutions:
#   Reduce memory load on the system
#   Increase physical memory or swap space
#   Check if swap backing store is full
#   Decrease Java heap size (-Xmx/-Xms)
#   Decrease number of Java threads
#   Decrease Java thread stack sizes (-Xss)
#   Set larger code cache with -XX:ReservedCodeCacheSize=
#   JVM is running with Unscaled Compressed Oops mode in which the Java heap is
#     placed in the first 4GB address space. The Java Heap base address is the
#     maximum limit for the native heap growth. Please use -XX:HeapBaseMinAddress
#     to set the Java Heap base and to place the Java Heap above 4GB virtual address.
# This output file may be truncated or incomplete.
#
#  Out of Memory Error (allocation.cpp:389), pid=11364, tid=0x0000000000002748
#
# JRE version: OpenJDK Runtime Environment (8.0_242-b01) (build 1.8.0_242-release-1644-b01)
# Java VM: OpenJDK 64-Bit Server VM (25.242-b01 mixed mode windows-amd64 compressed oops)
# Failed to write core dump. Minidumps are not enabled by default on client versions of Windows
#

---------------  T H R E A D  ---------------

Current thread (0x0000000017187000):  JavaThread "C2 CompilerThread0" daemon [_thread_in_native, id=10056, stack(0x00000000187f0000,0x00000000188f0000)]

Stack: [0x00000000187f0000,0x00000000188f0000]
[error occurred during error reporting (printing stack bounds), id 0xc0000005]

Native frames: (J=compiled Java code, j=interpreted, Vv=VM code, C=native code)


Current CompileTask:
C2:   9901 4766       4       org.jetbrains.kotlin.load.java.structure.impl.classFiles.BinaryJavaMethodBase$Companion::create (489 bytes)


---------------  P R O C E S S  ---------------

Java Threads: ( => current thread )
  0x0000000018b2e000 JavaThread "Service Thread" daemon [_thread_blocked, id=3344, stack(0x0000000018ef0000,0x0000000018ff0000)]
  0x00000000171a9800 JavaThread "C1 CompilerThread2" daemon [_thread_blocked, id=12900, stack(0x00000000189f0000,0x0000000018af0000)]
  0x0000000017196800 JavaThread "C2 CompilerThread1" daemon [_thread_in_native, id=11592, stack(0x00000000188f0000,0x00000000189f0000)]
=>0x0000000017187000 JavaThread "C2 CompilerThread0" daemon [_thread_in_native, id=10056, stack(0x00000000187f0000,0x00000000188f0000)]
  0x0000000017186800 JavaThread "Attach Listener" daemon [_thread_blocked, id=7160, stack(0x00000000186f0000,0x00000000187f0000)]
  0x0000000017183000 JavaThread "Signal Dispatcher" daemon [_thread_blocked, id=4876, stack(0x00000000185f0000,0x00000000186f0000)]
  0x000000000264c800 JavaThread "Finalizer" daemon [_thread_blocked, id=10424, stack(0x00000000183e0000,0x00000000184e0000)]
  0x0000000017168800 JavaThread "Reference Handler" daemon [_thread_blocked, id=668, stack(0x00000000182e0000,0x00000000183e0000)]
  0x0000000000c3e000 JavaThread "main" [_thread_in_native, id=6364, stack(0x00000000023f0000,0x00000000024f0000)]

Other Threads:
  0x0000000017145800 VMThread [stack: 0x00000000181e0000,0x00000000182e0000] [id=1676]
  0x00000000171de800 WatcherThread [stack: 0x0000000018ff0000,0x00000000190f0000] [id=8324]

VM state:not at safepoint (normal execution)

VM Mutex/Monitor currently owned by a thread: None

heap address: 0x0000000081c00000, size: 2020 MB, Compressed Oops mode: 32-bit
Narrow klass base: 0x0000000000000000, Narrow klass shift: 3
Compressed class space size: 1073741824 Address: 0x0000000100000000

Heap:
 PSYoungGen      total 81408K, used 63887K [0x00000000d5f00000, 0x00000000dd400000, 0x0000000100000000)
  eden space 66560K, 79% used [0x00000000d5f00000,0x00000000d92c5b90,0x00000000da000000)
  from space 14848K, 73% used [0x00000000da000000,0x00000000daa9e2d0,0x00000000dae80000)
  to   space 14848K, 0% used [0x00000000dc580000,0x00000000dc580000,0x00000000dd400000)
 ParOldGen       total 119296K, used 24495K [0x0000000081c00000, 0x0000000089080000, 0x00000000d5f00000)
  object space 119296K, 20% used [0x0000000081c00000,0x00000000833ebcb8,0x0000000089080000)
 Metaspace       used 44469K, capacity 45122K, committed 45440K, reserved 1089536K
  class space    used 5495K, capacity 5685K, committed 5760K, reserved 1048576K

Card table byte_map: [0x0000000011a10000,0x0000000011e10000] byte_map_base: 0x0000000011602000

Marking Bits: (ParMarkBitMap*) 0x0000000068c4f030
 Begin Bits: [0x00000000124c0000, 0x0000000014450000)
 End Bits:   [0x0000000014450000, 0x00000000163e0000)

Polling page: 0x0000000000bd0000

CodeCache: size=245760Kb used=17496Kb max_used=17496Kb free=228264Kb
 bounds [0x0000000002650000, 0x0000000003780000, 0x0000000011650000]
 total_blobs=5248 nmethods=4783 adapters=378
 compilation: enabled

Compilation events (10 events):
Event: 9.841 Thread 0x00000000171a9800 4835       3       org.jetbrains.kotlin.types.checker.ClassicTypeCheckerContext::upperBound (13 bytes)
Event: 9.842 Thread 0x00000000171a9800 nmethod 4835 0x000000000376aad0 code [0x000000000376aca0, 0x000000000376b368]
Event: 9.843 Thread 0x00000000171a9800 4836       3       gnu.trove.THashMap::<init> (5 bytes)
Event: 9.843 Thread 0x00000000171a9800 nmethod 4836 0x000000000375ca10 code [0x000000000375cba0, 0x000000000375ce28]
Event: 9.844 Thread 0x00000000171a9800 4838       3       org.jetbrains.kotlin.serialization.deserialization.descriptors.DeserializedMemberScope::getContributedFunctions (48 bytes)
Event: 9.846 Thread 0x00000000171a9800 nmethod 4838 0x000000000376b750 code [0x000000000376bae0, 0x000000000376d5a8]
Event: 9.846 Thread 0x00000000171a9800 4839       3       org.jetbrains.kotlin.types.checker.ClassicTypeCheckerContext::isMarkedNullable (13 bytes)
Event: 9.847 Thread 0x00000000171a9800 nmethod 4839 0x000000000376e8d0 code [0x000000000376eaa0, 0x000000000376f168]
Event: 9.848 Thread 0x00000000171a9800 4840       3       org.jetbrains.kotlin.load.java.structure.impl.classFiles.BinaryJavaConstructor::<init> (38 bytes)
Event: 9.849 Thread 0x00000000171a9800 nmethod 4840 0x000000000376f550 code [0x000000000376f820, 0x0000000003770978]

GC Heap History (10 events):
Event: 3.702 GC heap before
{Heap before GC invocations=5 (full 1):
 PSYoungGen      total 38400K, used 33280K [0x00000000d5f00000, 0x00000000daa00000, 0x0000000100000000)
  eden space 33280K, 100% used [0x00000000d5f00000,0x00000000d7f80000,0x00000000d7f80000)
  from space 5120K, 0% used [0x00000000d7f80000,0x00000000d7f80000,0x00000000d8480000)
  to   space 5120K, 0% used [0x00000000da500000,0x00000000da500000,0x00000000daa00000)
 ParOldGen       total 66048K, used 8992K [0x0000000081c00000, 0x0000000085c80000, 0x00000000d5f00000)
  object space 66048K, 13% used [0x0000000081c00000,0x00000000824c80c8,0x0000000085c80000)
 Metaspace       used 24399K, capacity 24848K, committed 25088K, reserved 1071104K
  class space    used 2885K, capacity 3015K, committed 3072K, reserved 1048576K
Event: 3.711 GC heap after
Heap after GC invocations=5 (full 1):
 PSYoungGen      total 52224K, used 5100K [0x00000000d5f00000, 0x00000000daa00000, 0x0000000100000000)
  eden space 47104K, 0% used [0x00000000d5f00000,0x00000000d5f00000,0x00000000d8d00000)
  from space 5120K, 99% used [0x00000000da500000,0x00000000da9fb1c8,0x00000000daa00000)
  to   space 5120K, 0% used [0x00000000da000000,0x00000000da000000,0x00000000da500000)
 ParOldGen       total 66048K, used 11478K [0x0000000081c00000, 0x0000000085c80000, 0x00000000d5f00000)
  object space 66048K, 17% used [0x0000000081c00000,0x0000000082735bc8,0x0000000085c80000)
 Metaspace       used 24399K, capacity 24848K, committed 25088K, reserved 1071104K
  class space    used 2885K, capacity 3015K, committed 3072K, reserved 1048576K
}
Event: 5.254 GC heap before
{Heap before GC invocations=6 (full 1):
 PSYoungGen      total 52224K, used 52204K [0x00000000d5f00000, 0x00000000daa00000, 0x0000000100000000)
  eden space 47104K, 100% used [0x00000000d5f00000,0x00000000d8d00000,0x00000000d8d00000)
  from space 5120K, 99% used [0x00000000da500000,0x00000000da9fb1c8,0x00000000daa00000)
  to   space 5120K, 0% used [0x00000000da000000,0x00000000da000000,0x00000000da500000)
 ParOldGen       total 66048K, used 11478K [0x0000000081c00000, 0x0000000085c80000, 0x00000000d5f00000)
  object space 66048K, 17% used [0x0000000081c00000,0x0000000082735bc8,0x0000000085c80000)
 Metaspace       used 31972K, capacity 32411K, committed 32640K, reserved 1077248K
  class space    used 4018K, capacity 4142K, committed 4224K, reserved 1048576K
Event: 5.274 GC heap after
Heap after GC invocations=6 (full 1):
 PSYoungGen      total 71168K, used 5091K [0x00000000d5f00000, 0x00000000dbd80000, 0x0000000100000000)
  eden space 66048K, 0% used [0x00000000d5f00000,0x00000000d5f00000,0x00000000d9f80000)
  from space 5120K, 99% used [0x00000000da000000,0x00000000da4f8c60,0x00000000da500000)
  to   space 15360K, 0% used [0x00000000dae80000,0x00000000dae80000,0x00000000dbd80000)
 ParOldGen       total 66048K, used 22285K [0x0000000081c00000, 0x0000000085c80000, 0x00000000d5f00000)
  object space 66048K, 33% used [0x0000000081c00000,0x00000000831c3470,0x0000000085c80000)
 Metaspace       used 31972K, capacity 32411K, committed 32640K, reserved 1077248K
  class space    used 4018K, capacity 4142K, committed 4224K, reserved 1048576K
}
Event: 5.904 GC heap before
{Heap before GC invocations=7 (full 1):
 PSYoungGen      total 71168K, used 16819K [0x00000000d5f00000, 0x00000000dbd80000, 0x0000000100000000)
  eden space 66048K, 17% used [0x00000000d5f00000,0x00000000d6a74278,0x00000000d9f80000)
  from space 5120K, 99% used [0x00000000da000000,0x00000000da4f8c60,0x00000000da500000)
  to   space 15360K, 0% used [0x00000000dae80000,0x00000000dae80000,0x00000000dbd80000)
 ParOldGen       total 66048K, used 22285K [0x0000000081c00000, 0x0000000085c80000, 0x00000000d5f00000)
  object space 66048K, 33% used [0x0000000081c00000,0x00000000831c3470,0x0000000085c80000)
 Metaspace       used 34734K, capacity 35232K, committed 35496K, reserved 1081344K
  class space    used 4381K, capacity 4514K, committed 4608K, reserved 1048576K
Event: 5.916 GC heap after
Heap after GC invocations=7 (full 1):
 PSYoungGen      total 81920K, used 8459K [0x00000000d5f00000, 0x00000000dd780000, 0x0000000100000000)
  eden space 66560K, 0% used [0x00000000d5f00000,0x00000000d5f00000,0x00000000da000000)
  from space 15360K, 55% used [0x00000000dae80000,0x00000000db6c2c20,0x00000000dbd80000)
  to   space 14848K, 0% used [0x00000000da000000,0x00000000da000000,0x00000000dae80000)
 ParOldGen       total 66048K, used 22293K [0x0000000081c00000, 0x0000000085c80000, 0x00000000d5f00000)
  object space 66048K, 33% used [0x0000000081c00000,0x00000000831c5470,0x0000000085c80000)
 Metaspace       used 34734K, capacity 35232K, committed 35496K, reserved 1081344K
  class space    used 4381K, capacity 4514K, committed 4608K, reserved 1048576K
}
Event: 5.916 GC heap before
{Heap before GC invocations=8 (full 2):
 PSYoungGen      total 81920K, used 8459K [0x00000000d5f00000, 0x00000000dd780000, 0x0000000100000000)
  eden space 66560K, 0% used [0x00000000d5f00000,0x00000000d5f00000,0x00000000da000000)
  from space 15360K, 55% used [0x00000000dae80000,0x00000000db6c2c20,0x00000000dbd80000)
  to   space 14848K, 0% used [0x00000000da000000,0x00000000da000000,0x00000000dae80000)
 ParOldGen       total 66048K, used 22293K [0x0000000081c00000, 0x0000000085c80000, 0x00000000d5f00000)
  object space 66048K, 33% used [0x0000000081c00000,0x00000000831c5470,0x0000000085c80000)
 Metaspace       used 34734K, capacity 35232K, committed 35496K, reserved 1081344K
  class space    used 4381K, capacity 4514K, committed 4608K, reserved 1048576K
Event: 6.020 GC heap after
Heap after GC invocations=8 (full 2):
 PSYoungGen      total 81920K, used 0K [0x00000000d5f00000, 0x00000000dd780000, 0x0000000100000000)
  eden space 66560K, 0% used [0x00000000d5f00000,0x00000000d5f00000,0x00000000da000000)
  from space 15360K, 0% used [0x00000000dae80000,0x00000000dae80000,0x00000000dbd80000)
  to   space 14848K, 0% used [0x00000000da000000,0x00000000da000000,0x00000000dae80000)
 ParOldGen       total 119296K, used 24417K [0x0000000081c00000, 0x0000000089080000, 0x00000000d5f00000)
  object space 119296K, 20% used [0x0000000081c00000,0x00000000833d8708,0x0000000089080000)
 Metaspace       used 34734K, capacity 35232K, committed 35496K, reserved 1081344K
  class space    used 4381K, capacity 4514K, committed 4608K, reserved 1048576K
}
Event: 7.855 GC heap before
{Heap before GC invocations=9 (full 2):
 PSYoungGen      total 81920K, used 66560K [0x00000000d5f00000, 0x00000000dd780000, 0x0000000100000000)
  eden space 66560K, 100% used [0x00000000d5f00000,0x00000000da000000,0x00000000da000000)
  from space 15360K, 0% used [0x00000000dae80000,0x00000000dae80000,0x00000000dbd80000)
  to   space 14848K, 0% used [0x00000000da000000,0x00000000da000000,0x00000000dae80000)
 ParOldGen       total 119296K, used 24417K [0x0000000081c00000, 0x0000000089080000, 0x00000000d5f00000)
  object space 119296K, 20% used [0x0000000081c00000,0x00000000833d8708,0x0000000089080000)
 Metaspace       used 41525K, capacity 42118K, committed 42368K, reserved 1085440K
  class space    used 5273K, capacity 5439K, committed 5504K, reserved 1048576K
Event: 7.874 GC heap after
Heap after GC invocations=9 (full 2):
 PSYoungGen      total 81408K, used 10872K [0x00000000d5f00000, 0x00000000dd400000, 0x0000000100000000)
  eden space 66560K, 0% used [0x00000000d5f00000,0x00000000d5f00000,0x00000000da000000)
  from space 14848K, 73% used [0x00000000da000000,0x00000000daa9e2d0,0x00000000dae80000)
  to   space 14848K, 0% used [0x00000000dc580000,0x00000000dc580000,0x00000000dd400000)
 ParOldGen       total 119296K, used 24495K [0x0000000081c00000, 0x0000000089080000, 0x00000000d5f00000)
  object space 119296K, 20% used [0x0000000081c00000,0x00000000833ebcb8,0x0000000089080000)
 Metaspace       used 41525K, capacity 42118K, committed 42368K, reserved 1085440K
  class space    used 5273K, capacity 5439K, committed 5504K, reserved 1048576K
}

Deoptimization events (10 events):
Event: 8.081 Thread 0x0000000000c3e000 Uncommon trap: reason=class_check action=maybe_recompile pc=0x0000000002fe6ba4 method=java.lang.Character.codePointAt(Ljava/lang/CharSequence;I)I @ 2
Event: 8.081 Thread 0x0000000000c3e000 Uncommon trap: reason=class_check action=maybe_recompile pc=0x0000000002fe6ba4 method=java.lang.Character.codePointAt(Ljava/lang/CharSequence;I)I @ 2
Event: 8.087 Thread 0x0000000000c3e000 Uncommon trap: reason=predicate action=maybe_recompile pc=0x00000000030347a8 method=org.jetbrains.kotlin.com.intellij.util.text.CharArrayUtil.getChars(Ljava/lang/CharSequence;[CIII)V @ 210
Event: 8.411 Thread 0x0000000000c3e000 Uncommon trap: reason=unstable_if action=reinterpret pc=0x0000000002e236f0 method=org.jetbrains.kotlin.parsing.AbstractKotlinParsing.tokenMatches(Lorg/jetbrains/kotlin/com/intellij/psi/tree/IElementType;Lorg/jetbrains/kotlin/com/intellij/psi/tree/IElement
Event: 8.542 Thread 0x0000000000c3e000 Uncommon trap: reason=unstable_if action=reinterpret pc=0x000000000324f024 method=org.jetbrains.org.objectweb.asm.ClassReader.readMethod(Lorg/jetbrains/org/objectweb/asm/ClassVisitor;Lorg/jetbrains/org/objectweb/asm/Context;I)I @ 316
Event: 8.682 Thread 0x0000000000c3e000 Uncommon trap: reason=unstable_if action=reinterpret pc=0x0000000003270ccc method=org.jetbrains.org.objectweb.asm.Type.getDescriptor()Ljava/lang/String; @ 35
Event: 9.596 Thread 0x0000000000c3e000 Uncommon trap: reason=class_check action=maybe_recompile pc=0x000000000280d660 method=kotlin.collections.CollectionsKt___CollectionsKt.toSet(Ljava/lang/Iterable;)Ljava/util/Set; @ 93
Event: 9.596 Thread 0x0000000000c3e000 Uncommon trap: reason=class_check action=maybe_recompile pc=0x000000000280d660 method=kotlin.collections.CollectionsKt___CollectionsKt.toSet(Ljava/lang/Iterable;)Ljava/util/Set; @ 93
Event: 9.715 Thread 0x0000000000c3e000 Uncommon trap: reason=class_check action=maybe_recompile pc=0x000000000280d660 method=kotlin.collections.CollectionsKt___CollectionsKt.toSet(Ljava/lang/Iterable;)Ljava/util/Set; @ 93
Event: 9.715 Thread 0x0000000000c3e000 Uncommon trap: reason=class_check action=maybe_recompile pc=0x000000000280d660 method=kotlin.collections.CollectionsKt___CollectionsKt.toSet(Ljava/lang/Iterable;)Ljava/util/Set; @ 93

Classes redefined (0 events):
No events

Internal exceptions (10 events):
Event: 4.206 Thread 0x0000000000c3e000 Exception <a 'java/lang/ArrayIndexOutOfBoundsException': 126> (0x00000000d6be1be8) thrown at [C:\src\AOSP-openjdk-git\hotspot\src\share\vm\interpreter\interpreterRuntime.cpp, line 368]
Event: 4.207 Thread 0x0000000000c3e000 Exception <a 'java/lang/ArrayIndexOutOfBoundsException': 86> (0x00000000d6be3070) thrown at [C:\src\AOSP-openjdk-git\hotspot\src\share\vm\interpreter\interpreterRuntime.cpp, line 368]
Event: 5.790 Thread 0x0000000000c3e000 Exception <a 'java/lang/NoSuchMethodError': java.lang.Object.lambda$static$0(I)[Lorg/jetbrains/kotlin/psi/KtExpression;> (0x00000000d668be90) thrown at [C:\src\AOSP-openjdk-git\hotspot\src\share\vm\interpreter\linkResolver.cpp, line 620]
Event: 5.840 Thread 0x0000000000c3e000 Implicit null exception at 0x0000000002ddb63d to 0x0000000002ddb74d
Event: 6.034 Thread 0x0000000000c3e000 Exception <a 'java/lang/NoSuchMethodError': java.lang.Object.lambda$static$0(I)[Lorg/jetbrains/kotlin/psi/KtDeclaration;> (0x00000000d5f3d348) thrown at [C:\src\AOSP-openjdk-git\hotspot\src\share\vm\interpreter\linkResolver.cpp, line 620]
Event: 6.076 Thread 0x0000000000c3e000 Exception <a 'java/lang/NoSuchMethodError': java.lang.Object.lambda$static$0(I)[Lorg/jetbrains/kotlin/psi/KtTypeElement;> (0x00000000d60bf8e8) thrown at [C:\src\AOSP-openjdk-git\hotspot\src\share\vm\interpreter\linkResolver.cpp, line 620]
Event: 7.180 Thread 0x0000000000c3e000 Exception <a 'java/lang/NoSuchMethodError': java.lang.Object.lambda$static$0(I)[Lorg/jetbrains/kotlin/com/intellij/psi/PsiClass;> (0x00000000d788dc28) thrown at [C:\src\AOSP-openjdk-git\hotspot\src\share\vm\interpreter\linkResolver.cpp, line 620]
Event: 7.231 Thread 0x0000000000c3e000 Exception <a 'java/lang/NoSuchMethodError': java.lang.Object.lambda$static$0(I)[Lorg/jetbrains/kotlin/com/intellij/psi/PsiReference;> (0x00000000d7a17460) thrown at [C:\src\AOSP-openjdk-git\hotspot\src\share\vm\interpreter\linkResolver.cpp, line 620]
Event: 7.241 Thread 0x0000000000c3e000 Exception <a 'java/lang/NoSuchMethodError': java.lang.Object.lambda$static$0(I)[Lorg/jetbrains/kotlin/com/intellij/psi/PsiTypeElement;> (0x00000000d7a6cff0) thrown at [C:\src\AOSP-openjdk-git\hotspot\src\share\vm\interpreter\linkResolver.cpp, line 620]
Event: 7.267 Thread 0x0000000000c3e000 Exception <a 'java/lang/NoSuchMethodError': java.lang.Object.lambda$static$0(I)[Lorg/jetbrains/kotlin/com/intellij/psi/PsiTypeParameter;> (0x00000000d7b61768) thrown at [C:\src\AOSP-openjdk-git\hotspot\src\share\vm\interpreter\linkResolver.cpp, line 620]

Events (10 events):
Event: 9.596 Thread 0x0000000000c3e000 DEOPT PACKING pc=0x000000000280d660 sp=0x00000000024ed1e0
Event: 9.596 Thread 0x0000000000c3e000 DEOPT UNPACKING pc=0x000000000269557b sp=0x00000000024ed188 mode 2
Event: 9.715 Thread 0x0000000000c3e000 Uncommon trap: trap_request=0xffffffde fr.pc=0x000000000280d660
Event: 9.715 Thread 0x0000000000c3e000 DEOPT PACKING pc=0x000000000280d660 sp=0x00000000024ecd60
Event: 9.715 Thread 0x0000000000c3e000 DEOPT UNPACKING pc=0x000000000269557b sp=0x00000000024ecd08 mode 2
Event: 9.715 Thread 0x0000000000c3e000 Uncommon trap: trap_request=0xffffffde fr.pc=0x000000000280d660
Event: 9.715 Thread 0x0000000000c3e000 DEOPT PACKING pc=0x000000000280d660 sp=0x00000000024ecd60
Event: 9.715 Thread 0x0000000000c3e000 DEOPT UNPACKING pc=0x000000000269557b sp=0x00000000024ecd08 mode 2
Event: 9.847 Executing VM operation: ForceSafepoint
Event: 9.847 Executing VM operation: ForceSafepoint done


Dynamic libraries:
0x00007ff7ac710000 - 0x00007ff7ac741000 	C:\Program Files\Android\Android Studio\jre\jre\bin\java.exe
0x00007ff8b0ab0000 - 0x00007ff8b0ca6000 	C:\Windows\SYSTEM32\ntdll.dll
0x00007ff8afc20000 - 0x00007ff8afcdd000 	C:\Windows\System32\KERNEL32.DLL
0x00007ff8ae270000 - 0x00007ff8ae538000 	C:\Windows\System32\KERNELBASE.dll
0x00007ff8af420000 - 0x00007ff8af4cc000 	C:\Windows\System32\ADVAPI32.dll
0x00007ff8aeb40000 - 0x00007ff8aebde000 	C:\Windows\System32\msvcrt.dll
0x00007ff8aec60000 - 0x00007ff8aecfb000 	C:\Windows\System32\sechost.dll
0x00007ff8af590000 - 0x00007ff8af6b4000 	C:\Windows\System32\RPCRT4.dll
0x00007ff8af280000 - 0x00007ff8af420000 	C:\Windows\System32\USER32.dll
0x00007ff8ae1c0000 - 0x00007ff8ae1e2000 	C:\Windows\System32\win32u.dll
0x00007ff8aed00000 - 0x00007ff8aed2a000 	C:\Windows\System32\GDI32.dll
0x00007ff8ae6e0000 - 0x00007ff8ae7e9000 	C:\Windows\System32\gdi32full.dll
0x00007ff8ae640000 - 0x00007ff8ae6dd000 	C:\Windows\System32\msvcp_win.dll
0x00007ff8ae540000 - 0x00007ff8ae640000 	C:\Windows\System32\ucrtbase.dll
0x00007ff89b340000 - 0x00007ff89b5db000 	C:\Windows\WinSxS\amd64_microsoft.windows.common-controls_6595b64144ccf1df_6.0.19041.488_none_ca04af081b815d21\COMCTL32.dll
0x00007ff8afce0000 - 0x00007ff8afd10000 	C:\Windows\System32\IMM32.DLL
0x00000000682c0000 - 0x0000000068392000 	C:\Program Files\Android\Android Studio\jre\jre\bin\msvcr100.dll
0x0000000068480000 - 0x0000000068ccb000 	C:\Program Files\Android\Android Studio\jre\jre\bin\server\jvm.dll
0x00007ff8af580000 - 0x00007ff8af588000 	C:\Windows\System32\PSAPI.DLL
0x00007ff8a47b0000 - 0x00007ff8a47ba000 	C:\Windows\SYSTEM32\VERSION.dll
0x00007ff8a96b0000 - 0x00007ff8a96b9000 	C:\Windows\SYSTEM32\WSOCK32.dll
0x00007ff8a4780000 - 0x00007ff8a47a7000 	C:\Windows\SYSTEM32\WINMM.dll
0x00007ff8af6d0000 - 0x00007ff8af73b000 	C:\Windows\System32\WS2_32.dll
0x00007ff8a03c0000 - 0x00007ff8a03cf000 	C:\Program Files\Android\Android Studio\jre\jre\bin\verify.dll
0x00007ff89fb20000 - 0x00007ff89fb49000 	C:\Program Files\Android\Android Studio\jre\jre\bin\java.dll
0x00007ff89fb00000 - 0x00007ff89fb16000 	C:\Program Files\Android\Android Studio\jre\jre\bin\zip.dll
0x00007ff8affd0000 - 0x00007ff8b0711000 	C:\Windows\System32\SHELL32.dll
0x00007ff8abcc0000 - 0x00007ff8ac455000 	C:\Windows\SYSTEM32\windows.storage.dll
0x00007ff8af740000 - 0x00007ff8afa95000 	C:\Windows\System32\combase.dll
0x00007ff8adc30000 - 0x00007ff8adc5c000 	C:\Windows\SYSTEM32\Wldp.dll
0x00007ff8af4d0000 - 0x00007ff8af57e000 	C:\Windows\System32\SHCORE.dll
0x00007ff8aeae0000 - 0x00007ff8aeb35000 	C:\Windows\System32\shlwapi.dll
0x00007ff8ae0f0000 - 0x00007ff8ae116000 	C:\Windows\SYSTEM32\profapi.dll
0x00007ff89f0e0000 - 0x00007ff89f0fa000 	C:\Program Files\Android\Android Studio\jre\jre\bin\net.dll
0x00007ff8ad9b0000 - 0x00007ff8ada1a000 	C:\Windows\system32\mswsock.dll
0x00007ff89bcf0000 - 0x00007ff89bd03000 	C:\Program Files\Android\Android Studio\jre\jre\bin\nio.dll

VM Arguments:
java_command: org.jetbrains.kotlin.cli.jvm.K2JVMCompiler @C:\Users\Admin\AndroidStudioProjects\6.1\app\build\20210105_2870627074650579083.compiler.options
java_class_path (initial): C:\Users\Admin\.gradle\caches\modules-2\files-2.1\org.jetbrains.kotlin\kotlin-compiler-embeddable\1.4.10\38c4b99d5d5362debdd9302a866730379aa2328a\kotlin-compiler-embeddable-1.4.10.jar;C:\Users\Admin\.gradle\caches\modules-2\files-2.1\org.jetbrains.kotlin\kotlin-reflect\1.4.10\e2b3c6695eee6085e606d96d685396dce23a3a06\kotlin-reflect-1.4.10.jar;C:\Users\Admin\.gradle\caches\modules-2\files-2.1\org.jetbrains.kotlin\kotlin-stdlib\1.4.10\ea29e063d2bbe695be13e9d044dcfb0c7add398e\kotlin-stdlib-1.4.10.jar;C:\Users\Admin\.gradle\caches\modules-2\files-2.1\org.jetbrains.kotlin\kotlin-script-runtime\1.4.10\7c19d9c2001e016cd7664cebe9eea66fc04a7f4f\kotlin-script-runtime-1.4.10.jar;C:\Users\Admin\.gradle\caches\modules-2\files-2.1\org.jetbrains.kotlin\kotlin-daemon-embeddable\1.4.10\dbd67f42bed28043d17d7c860b06110a00a45970\kotlin-daemon-embeddable-1.4.10.jar;C:\Users\Admin\.gradle\caches\modules-2\files-2.1\org.jetbrains.intellij.deps\trove4j\1.0.20181211\216c2e14b070f334479d800987affe4054cd563f\trove4j-1.0.20181211.jar;C:\Users\Admin\.gradle\caches\modules-2\files-2.1\org.jetbrains.kotlin\kotlin-stdlib-common\1.4.10\6229be3465805c99db1142ad75e6c6ddeac0b04c\kotlin-stdlib-common-1.4.10.jar;C:\Users\Admin\.gradle\caches\modules-2\files-2.1\org.jetbrains\annotations\13.0\919f0dfe192fb4e063e7dacadee7f8bb9a2672a9\annotations-13.0.jar;C:\Program Files\Android\Android Studio\jre\lib\tools.jar
Launcher Type: SUN_STANDARD

Environment Variables:
PATH=C:\Program Files\Common Files\Oracle\Java\javapath;C:\Windows\system32;C:\Windows;C:\Windows\System32\Wbem;C:\Windows\System32\WindowsPowerShell\v1.0\;C:\Windows\System32\OpenSSH\;C:\Program Files\Git\cmd;C:\Users\Admin\AppData\Local\Microsoft\WindowsApps;
USERNAME=Admin
OS=Windows_NT
PROCESSOR_IDENTIFIER=Intel64 Family 6 Model 42 Stepping 7, GenuineIntel



---------------  S Y S T E M  ---------------

OS: Windows 10.0 , 64 bit Build 19041 (10.0.19041.546)

CPU:total 4 (initial active 4) (2 cores per cpu, 2 threads per core) family 6 model 42 stepping 7, cmov, cx8, fxsr, mmx, sse, sse2, sse3, ssse3, sse4.1, sse4.2, popcnt, avx, aes, clmul, ht, tsc, tscinvbit

Memory: 4k page, physical 8269532k(936100k free), swap 10366684k(5472k free)

vm_info: OpenJDK 64-Bit Server VM (25.242-b01) for windows-amd64 JRE (1.8.0_242-release-1644-b01), built by "builder" with MS VC++ 10.0 (VS2010)

time: Tue Jan 05 16:19:12 2021
timezone: RTZ 2 (зима)
elapsed time: 9 seconds (0d 0h 0m 9s)

