#
# There is insufficient memory for the Java Runtime Environment to continue.
# Native memory allocation (malloc) failed to allocate 128016 bytes for Chunk::new
# Possible reasons:
#   The system is out of physical RAM or swap space
#   The process is running with CompressedOops enabled, and the Java Heap may be blocking the growth of the native heap
# Possible solutions:
#   Reduce memory load on the system
#   Increase physical memory or swap space
#   Check if swap backing store is full
#   Decrease Java heap size (-Xmx/-Xms)
#   Decrease number of Java threads
#   Decrease Java thread stack sizes (-Xss)
#   Set larger code cache with -XX:ReservedCodeCacheSize=
#   JVM is running with Unscaled Compressed Oops mode in which the Java heap is
#     placed in the first 4GB address space. The Java Heap base address is the
#     maximum limit for the native heap growth. Please use -XX:HeapBaseMinAddress
#     to set the Java Heap base and to place the Java Heap above 4GB virtual address.
# This output file may be truncated or incomplete.
#
#  Out of Memory Error (allocation.cpp:389), pid=12472, tid=0x000000000000308c
#
# JRE version: OpenJDK Runtime Environment (8.0_242-b01) (build 1.8.0_242-release-1644-b01)
# Java VM: OpenJDK 64-Bit Server VM (25.242-b01 mixed mode windows-amd64 compressed oops)
# Failed to write core dump. Minidumps are not enabled by default on client versions of Windows
#

---------------  T H R E A D  ---------------

Current thread (0x0000000017a68000):  JavaThread "C2 CompilerThread0" daemon [_thread_in_native, id=12428, stack(0x00000000190c0000,0x00000000191c0000)]

Stack: [0x00000000190c0000,0x00000000191c0000]
[error occurred during error reporting (printing stack bounds), id 0xc0000005]

Native frames: (J=compiled Java code, j=interpreted, Vv=VM code, C=native code)


Current CompileTask:
C2:  15605 4661       4       org.jetbrains.org.objectweb.asm.ClassReader::readElementValue (1237 bytes)


---------------  P R O C E S S  ---------------

Java Threads: ( => current thread )
  0x0000000017abd000 JavaThread "Service Thread" daemon [_thread_blocked, id=10816, stack(0x00000000197c0000,0x00000000198c0000)]
  0x0000000017a73000 JavaThread "C1 CompilerThread2" daemon [_thread_blocked, id=5876, stack(0x00000000192c0000,0x00000000193c0000)]
  0x0000000017a6c000 JavaThread "C2 CompilerThread1" daemon [_thread_blocked, id=9892, stack(0x00000000191c0000,0x00000000192c0000)]
=>0x0000000017a68000 JavaThread "C2 CompilerThread0" daemon [_thread_in_native, id=12428, stack(0x00000000190c0000,0x00000000191c0000)]
  0x0000000017a63000 JavaThread "Attach Listener" daemon [_thread_blocked, id=9356, stack(0x0000000018fc0000,0x00000000190c0000)]
  0x0000000017a67000 JavaThread "Signal Dispatcher" daemon [_thread_blocked, id=11300, stack(0x0000000018ec0000,0x0000000018fc0000)]
  0x0000000002f2c800 JavaThread "Finalizer" daemon [_thread_blocked, id=7312, stack(0x0000000018cb0000,0x0000000018db0000)]
  0x0000000017a48800 JavaThread "Reference Handler" daemon [_thread_blocked, id=11096, stack(0x0000000018bb0000,0x0000000018cb0000)]
  0x0000000002c2e000 JavaThread "main" [_thread_in_Java, id=11220, stack(0x0000000002c30000,0x0000000002d30000)]

Other Threads:
  0x0000000017a25800 VMThread [stack: 0x0000000018ab0000,0x0000000018bb0000] [id=11004]
  0x0000000017abe000 WatcherThread [stack: 0x00000000198c0000,0x00000000199c0000] [id=7824]

VM state:not at safepoint (normal execution)

VM Mutex/Monitor currently owned by a thread: None

heap address: 0x0000000081c00000, size: 2020 MB, Compressed Oops mode: 32-bit
Narrow klass base: 0x0000000000000000, Narrow klass shift: 3
Compressed class space size: 1073741824 Address: 0x0000000100000000

Heap:
 PSYoungGen      total 75776K, used 60567K [0x00000000d5f00000, 0x00000000dcc00000, 0x0000000100000000)
  eden space 57344K, 88% used [0x00000000d5f00000,0x00000000d90ccb50,0x00000000d9700000)
  from space 18432K, 51% used [0x00000000d9700000,0x00000000da0591d8,0x00000000da900000)
  to   space 17408K, 0% used [0x00000000dbb00000,0x00000000dbb00000,0x00000000dcc00000)
 ParOldGen       total 162816K, used 22409K [0x0000000081c00000, 0x000000008bb00000, 0x00000000d5f00000)
  object space 162816K, 13% used [0x0000000081c00000,0x00000000831e2600,0x000000008bb00000)
 Metaspace       used 44375K, capacity 45058K, committed 45440K, reserved 1091584K
  class space    used 5497K, capacity 5685K, committed 5760K, reserved 1048576K

Card table byte_map: [0x00000000122f0000,0x00000000126f0000] byte_map_base: 0x0000000011ee2000

Marking Bits: (ParMarkBitMap*) 0x0000000065a1f030
 Begin Bits: [0x0000000012da0000, 0x0000000014d30000)
 End Bits:   [0x0000000014d30000, 0x0000000016cc0000)

Polling page: 0x0000000000f10000

CodeCache: size=245760Kb used=16673Kb max_used=16673Kb free=229086Kb
 bounds [0x0000000002f30000, 0x0000000003f90000, 0x0000000011f30000]
 total_blobs=4971 nmethods=4506 adapters=378
 compilation: enabled

Compilation events (10 events):
Event: 15.595 Thread 0x0000000017a73000 nmethod 4686 0x0000000003f7f6d0 code [0x0000000003f7f840, 0x0000000003f7fa28]
Event: 15.597 Thread 0x0000000017a73000 4687       3       java.lang.Enum::compareTo (44 bytes)
Event: 15.598 Thread 0x0000000017a73000 nmethod 4687 0x0000000003f7fad0 code [0x0000000003f7fc80, 0x0000000003f80588]
Event: 15.598 Thread 0x0000000017a73000 4688       1       org.jetbrains.kotlin.config.AnalysisFlag::getDefaultValue (5 bytes)
Event: 15.598 Thread 0x0000000017a73000 nmethod 4688 0x0000000003f807d0 code [0x0000000003f80920, 0x0000000003f80a30]
Event: 15.601 Thread 0x0000000017a73000 4689       3       kotlin.text.StringsKt__StringsKt::startsWith$default (15 bytes)
Event: 15.601 Thread 0x0000000017a73000 nmethod 4689 0x0000000003f80a90 code [0x0000000003f80c00, 0x0000000003f80da8]
Event: 15.601 Thread 0x0000000017a73000 4690       3       kotlin.text.StringsKt__StringsKt::startsWith (62 bytes)
Event: 15.603 Thread 0x0000000017a73000 nmethod 4690 0x0000000003f80e50 code [0x0000000003f81100, 0x0000000003f822c8]
Event: 15.603 Thread 0x0000000017a73000 4691       3       org.jetbrains.kotlin.descriptors.impl.AbstractClassDescriptor::<init> (80 bytes)

GC Heap History (10 events):
Event: 2.979 GC heap before
{Heap before GC invocations=6 (full 2):
 PSYoungGen      total 50688K, used 5092K [0x00000000d5f00000, 0x00000000d9880000, 0x0000000100000000)
  eden space 45568K, 0% used [0x00000000d5f00000,0x00000000d5f00000,0x00000000d8b80000)
  from space 5120K, 99% used [0x00000000d9080000,0x00000000d9579030,0x00000000d9580000)
  to   space 5120K, 0% used [0x00000000d8b80000,0x00000000d8b80000,0x00000000d9080000)
 ParOldGen       total 61952K, used 11428K [0x0000000081c00000, 0x0000000085880000, 0x00000000d5f00000)
  object space 61952K, 18% used [0x0000000081c00000,0x0000000082729310,0x0000000085880000)
 Metaspace       used 20831K, capacity 21220K, committed 21248K, reserved 1071104K
  class space    used 2434K, capacity 2557K, committed 2560K, reserved 1048576K
Event: 3.044 GC heap after
Heap after GC invocations=6 (full 2):
 PSYoungGen      total 50688K, used 0K [0x00000000d5f00000, 0x00000000d9880000, 0x0000000100000000)
  eden space 45568K, 0% used [0x00000000d5f00000,0x00000000d5f00000,0x00000000d8b80000)
  from space 5120K, 0% used [0x00000000d9080000,0x00000000d9080000,0x00000000d9580000)
  to   space 5120K, 0% used [0x00000000d8b80000,0x00000000d8b80000,0x00000000d9080000)
 ParOldGen       total 61952K, used 8120K [0x0000000081c00000, 0x0000000085880000, 0x00000000d5f00000)
  object space 61952K, 13% used [0x0000000081c00000,0x00000000823ee188,0x0000000085880000)
 Metaspace       used 20831K, capacity 21220K, committed 21248K, reserved 1071104K
  class space    used 2434K, capacity 2557K, committed 2560K, reserved 1048576K
}
Event: 9.009 GC heap before
{Heap before GC invocations=7 (full 2):
 PSYoungGen      total 50688K, used 45568K [0x00000000d5f00000, 0x00000000d9880000, 0x0000000100000000)
  eden space 45568K, 100% used [0x00000000d5f00000,0x00000000d8b80000,0x00000000d8b80000)
  from space 5120K, 0% used [0x00000000d9080000,0x00000000d9080000,0x00000000d9580000)
  to   space 5120K, 0% used [0x00000000d8b80000,0x00000000d8b80000,0x00000000d9080000)
 ParOldGen       total 61952K, used 8120K [0x0000000081c00000, 0x0000000085880000, 0x00000000d5f00000)
  object space 61952K, 13% used [0x0000000081c00000,0x00000000823ee188,0x0000000085880000)
 Metaspace       used 26463K, capacity 26953K, committed 27136K, reserved 1077248K
  class space    used 3151K, capacity 3307K, committed 3328K, reserved 1048576K
Event: 9.019 GC heap after
Heap after GC invocations=7 (full 2):
 PSYoungGen      total 50688K, used 5091K [0x00000000d5f00000, 0x00000000db700000, 0x0000000100000000)
  eden space 45568K, 0% used [0x00000000d5f00000,0x00000000d5f00000,0x00000000d8b80000)
  from space 5120K, 99% used [0x00000000d8b80000,0x00000000d9078c70,0x00000000d9080000)
  to   space 14336K, 0% used [0x00000000da900000,0x00000000da900000,0x00000000db700000)
 ParOldGen       total 61952K, used 13770K [0x0000000081c00000, 0x0000000085880000, 0x00000000d5f00000)
  object space 61952K, 22% used [0x0000000081c00000,0x0000000082972b28,0x0000000085880000)
 Metaspace       used 26463K, capacity 26953K, committed 27136K, reserved 1077248K
  class space    used 3151K, capacity 3307K, committed 3328K, reserved 1048576K
}
Event: 10.731 GC heap before
{Heap before GC invocations=8 (full 2):
 PSYoungGen      total 50688K, used 49004K [0x00000000d5f00000, 0x00000000db700000, 0x0000000100000000)
  eden space 45568K, 96% used [0x00000000d5f00000,0x00000000d89e2398,0x00000000d8b80000)
  from space 5120K, 99% used [0x00000000d8b80000,0x00000000d9078c70,0x00000000d9080000)
  to   space 14336K, 0% used [0x00000000da900000,0x00000000da900000,0x00000000db700000)
 ParOldGen       total 61952K, used 13770K [0x0000000081c00000, 0x0000000085880000, 0x00000000d5f00000)
  object space 61952K, 22% used [0x0000000081c00000,0x0000000082972b28,0x0000000085880000)
 Metaspace       used 34743K, capacity 35214K, committed 35416K, reserved 1083392K
  class space    used 4375K, capacity 4511K, committed 4608K, reserved 1048576K
Event: 10.771 GC heap after
Heap after GC invocations=8 (full 2):
 PSYoungGen      total 71680K, used 14304K [0x00000000d5f00000, 0x00000000dc180000, 0x0000000100000000)
  eden space 57344K, 0% used [0x00000000d5f00000,0x00000000d5f00000,0x00000000d9700000)
  from space 14336K, 99% used [0x00000000da900000,0x00000000db6f8348,0x00000000db700000)
  to   space 18432K, 0% used [0x00000000d9700000,0x00000000d9700000,0x00000000da900000)
 ParOldGen       total 61952K, used 16414K [0x0000000081c00000, 0x0000000085880000, 0x00000000d5f00000)
  object space 61952K, 26% used [0x0000000081c00000,0x0000000082c07808,0x0000000085880000)
 Metaspace       used 34743K, capacity 35214K, committed 35416K, reserved 1083392K
  class space    used 4375K, capacity 4511K, committed 4608K, reserved 1048576K
}
Event: 10.771 GC heap before
{Heap before GC invocations=9 (full 3):
 PSYoungGen      total 71680K, used 14304K [0x00000000d5f00000, 0x00000000dc180000, 0x0000000100000000)
  eden space 57344K, 0% used [0x00000000d5f00000,0x00000000d5f00000,0x00000000d9700000)
  from space 14336K, 99% used [0x00000000da900000,0x00000000db6f8348,0x00000000db700000)
  to   space 18432K, 0% used [0x00000000d9700000,0x00000000d9700000,0x00000000da900000)
 ParOldGen       total 61952K, used 16414K [0x0000000081c00000, 0x0000000085880000, 0x00000000d5f00000)
  object space 61952K, 26% used [0x0000000081c00000,0x0000000082c07808,0x0000000085880000)
 Metaspace       used 34743K, capacity 35214K, committed 35416K, reserved 1083392K
  class space    used 4375K, capacity 4511K, committed 4608K, reserved 1048576K
Event: 11.008 GC heap after
Heap after GC invocations=9 (full 3):
 PSYoungGen      total 71680K, used 0K [0x00000000d5f00000, 0x00000000dc180000, 0x0000000100000000)
  eden space 57344K, 0% used [0x00000000d5f00000,0x00000000d5f00000,0x00000000d9700000)
  from space 14336K, 0% used [0x00000000da900000,0x00000000da900000,0x00000000db700000)
  to   space 18432K, 0% used [0x00000000d9700000,0x00000000d9700000,0x00000000da900000)
 ParOldGen       total 162816K, used 22332K [0x0000000081c00000, 0x000000008bb00000, 0x00000000d5f00000)
  object space 162816K, 13% used [0x0000000081c00000,0x00000000831cf050,0x000000008bb00000)
 Metaspace       used 34743K, capacity 35214K, committed 35416K, reserved 1083392K
  class space    used 4375K, capacity 4511K, committed 4608K, reserved 1048576K
}
Event: 13.320 GC heap before
{Heap before GC invocations=10 (full 3):
 PSYoungGen      total 71680K, used 57344K [0x00000000d5f00000, 0x00000000dc180000, 0x0000000100000000)
  eden space 57344K, 100% used [0x00000000d5f00000,0x00000000d9700000,0x00000000d9700000)
  from space 14336K, 0% used [0x00000000da900000,0x00000000da900000,0x00000000db700000)
  to   space 18432K, 0% used [0x00000000d9700000,0x00000000d9700000,0x00000000da900000)
 ParOldGen       total 162816K, used 22332K [0x0000000081c00000, 0x000000008bb00000, 0x00000000d5f00000)
  object space 162816K, 13% used [0x0000000081c00000,0x00000000831cf050,0x000000008bb00000)
 Metaspace       used 41062K, capacity 41684K, committed 42112K, reserved 1089536K
  class space    used 5246K, capacity 5404K, committed 5504K, reserved 1048576K
Event: 13.337 GC heap after
Heap after GC invocations=10 (full 3):
 PSYoungGen      total 75776K, used 9572K [0x00000000d5f00000, 0x00000000dcc00000, 0x0000000100000000)
  eden space 57344K, 0% used [0x00000000d5f00000,0x00000000d5f00000,0x00000000d9700000)
  from space 18432K, 51% used [0x00000000d9700000,0x00000000da0591d8,0x00000000da900000)
  to   space 17408K, 0% used [0x00000000dbb00000,0x00000000dbb00000,0x00000000dcc00000)
 ParOldGen       total 162816K, used 22409K [0x0000000081c00000, 0x000000008bb00000, 0x00000000d5f00000)
  object space 162816K, 13% used [0x0000000081c00000,0x00000000831e2600,0x000000008bb00000)
 Metaspace       used 41062K, capacity 41684K, committed 42112K, reserved 1089536K
  class space    used 5246K, capacity 5404K, committed 5504K, reserved 1048576K
}

Deoptimization events (10 events):
Event: 13.766 Thread 0x0000000002c2e000 Uncommon trap: reason=class_check action=maybe_recompile pc=0x000000000385f9e4 method=java.lang.Character.codePointAt(Ljava/lang/CharSequence;I)I @ 2
Event: 13.766 Thread 0x0000000002c2e000 Uncommon trap: reason=class_check action=maybe_recompile pc=0x000000000385f9e4 method=java.lang.Character.codePointAt(Ljava/lang/CharSequence;I)I @ 2
Event: 13.766 Thread 0x0000000002c2e000 Uncommon trap: reason=class_check action=maybe_recompile pc=0x000000000385f9e4 method=java.lang.Character.codePointAt(Ljava/lang/CharSequence;I)I @ 2
Event: 14.053 Thread 0x0000000002c2e000 Uncommon trap: reason=unstable_if action=reinterpret pc=0x0000000003ae4f70 method=org.jetbrains.kotlin.parsing.AbstractKotlinParsing.tokenMatches(Lorg/jetbrains/kotlin/com/intellij/psi/tree/IElementType;Lorg/jetbrains/kotlin/com/intellij/psi/tree/IElement
Event: 14.235 Thread 0x0000000002c2e000 Uncommon trap: reason=unstable_if action=reinterpret pc=0x0000000003b19ca4 method=org.jetbrains.org.objectweb.asm.ClassReader.readMethod(Lorg/jetbrains/org/objectweb/asm/ClassVisitor;Lorg/jetbrains/org/objectweb/asm/Context;I)I @ 316
Event: 14.421 Thread 0x0000000002c2e000 Uncommon trap: reason=unstable_if action=reinterpret pc=0x0000000003b7848c method=org.jetbrains.org.objectweb.asm.Type.getDescriptor()Ljava/lang/String; @ 35
Event: 15.309 Thread 0x0000000002c2e000 Uncommon trap: reason=speculate_class_check action=maybe_recompile pc=0x0000000003f06c50 method=org.jetbrains.kotlin.types.checker.ClassicTypeSystemContext$DefaultImpls.asSimpleType(Lorg/jetbrains/kotlin/types/checker/ClassicTypeSystemContext;Lorg/jetbrai
Event: 15.309 Thread 0x0000000002c2e000 Uncommon trap: reason=speculate_class_check action=maybe_recompile pc=0x0000000003f06c50 method=org.jetbrains.kotlin.types.checker.ClassicTypeSystemContext$DefaultImpls.asSimpleType(Lorg/jetbrains/kotlin/types/checker/ClassicTypeSystemContext;Lorg/jetbrai
Event: 15.310 Thread 0x0000000002c2e000 Uncommon trap: reason=speculate_class_check action=maybe_recompile pc=0x0000000003f06c50 method=org.jetbrains.kotlin.types.checker.ClassicTypeSystemContext$DefaultImpls.asSimpleType(Lorg/jetbrains/kotlin/types/checker/ClassicTypeSystemContext;Lorg/jetbrai
Event: 15.310 Thread 0x0000000002c2e000 Uncommon trap: reason=speculate_class_check action=maybe_recompile pc=0x0000000003f06c50 method=org.jetbrains.kotlin.types.checker.ClassicTypeSystemContext$DefaultImpls.asSimpleType(Lorg/jetbrains/kotlin/types/checker/ClassicTypeSystemContext;Lorg/jetbrai

Classes redefined (0 events):
No events

Internal exceptions (10 events):
Event: 9.060 Thread 0x0000000002c2e000 Exception <a 'java/lang/ArrayIndexOutOfBoundsException': 86> (0x00000000d614aea0) thrown at [C:\src\AOSP-openjdk-git\hotspot\src\share\vm\interpreter\interpreterRuntime.cpp, line 368]
Event: 10.551 Thread 0x0000000002c2e000 Exception <a 'java/lang/NoSuchMethodError': java.lang.Object.lambda$static$0(I)[Lorg/jetbrains/kotlin/psi/KtExpression;> (0x00000000d86feed8) thrown at [C:\src\AOSP-openjdk-git\hotspot\src\share\vm\interpreter\linkResolver.cpp, line 620]
Event: 10.627 Thread 0x0000000002c2e000 Implicit null exception at 0x0000000003033a7d to 0x0000000003033b8d
Event: 10.682 Thread 0x0000000002c2e000 Implicit null exception at 0x000000000370358c to 0x0000000003703669
Event: 11.030 Thread 0x0000000002c2e000 Exception <a 'java/lang/NoSuchMethodError': java.lang.Object.lambda$static$0(I)[Lorg/jetbrains/kotlin/psi/KtDeclaration;> (0x00000000d5f65eb0) thrown at [C:\src\AOSP-openjdk-git\hotspot\src\share\vm\interpreter\linkResolver.cpp, line 620]
Event: 11.076 Thread 0x0000000002c2e000 Exception <a 'java/lang/NoSuchMethodError': java.lang.Object.lambda$static$0(I)[Lorg/jetbrains/kotlin/psi/KtTypeElement;> (0x00000000d60e4418) thrown at [C:\src\AOSP-openjdk-git\hotspot\src\share\vm\interpreter\linkResolver.cpp, line 620]
Event: 11.943 Thread 0x0000000002c2e000 Exception <a 'java/lang/NoSuchMethodError': java.lang.Object.lambda$static$0(I)[Lorg/jetbrains/kotlin/com/intellij/psi/PsiClass;> (0x00000000d7952bf8) thrown at [C:\src\AOSP-openjdk-git\hotspot\src\share\vm\interpreter\linkResolver.cpp, line 620]
Event: 12.013 Thread 0x0000000002c2e000 Exception <a 'java/lang/NoSuchMethodError': java.lang.Object.lambda$static$0(I)[Lorg/jetbrains/kotlin/com/intellij/psi/PsiReference;> (0x00000000d7add048) thrown at [C:\src\AOSP-openjdk-git\hotspot\src\share\vm\interpreter\linkResolver.cpp, line 620]
Event: 12.022 Thread 0x0000000002c2e000 Exception <a 'java/lang/NoSuchMethodError': java.lang.Object.lambda$static$0(I)[Lorg/jetbrains/kotlin/com/intellij/psi/PsiTypeElement;> (0x00000000d7b32bd8) thrown at [C:\src\AOSP-openjdk-git\hotspot\src\share\vm\interpreter\linkResolver.cpp, line 620]
Event: 12.053 Thread 0x0000000002c2e000 Exception <a 'java/lang/NoSuchMethodError': java.lang.Object.lambda$static$0(I)[Lorg/jetbrains/kotlin/com/intellij/psi/PsiTypeParameter;> (0x00000000d7c23960) thrown at [C:\src\AOSP-openjdk-git\hotspot\src\share\vm\interpreter\linkResolver.cpp, line 620]

Events (10 events):
Event: 15.539 loading class org/jetbrains/kotlin/descriptors/ValueParameterDescriptor
Event: 15.539 loading class org/jetbrains/kotlin/descriptors/ValueParameterDescriptor done
Event: 15.541 loading class org/jetbrains/kotlin/resolve/jvm/kotlinSignature/SignaturesPropagationData$VarargCheckResult
Event: 15.541 loading class org/jetbrains/kotlin/resolve/jvm/kotlinSignature/SignaturesPropagationData$VarargCheckResult done
Event: 15.542 loading class org/jetbrains/kotlin/descriptors/FunctionDescriptor
Event: 15.542 loading class org/jetbrains/kotlin/descriptors/FunctionDescriptor done
Event: 15.542 loading class kotlin/jvm/functions/Function1
Event: 15.542 loading class kotlin/jvm/functions/Function1 done
Event: 15.571 Executing VM operation: ForceSafepoint
Event: 15.571 Executing VM operation: ForceSafepoint done


Dynamic libraries:
0x00007ff7d1cf0000 - 0x00007ff7d1d21000 	C:\Program Files\Android\Android Studio\jre\jre\bin\java.exe
0x00007ff98c650000 - 0x00007ff98c846000 	C:\Windows\SYSTEM32\ntdll.dll
0x00007ff98b140000 - 0x00007ff98b1fd000 	C:\Windows\System32\KERNEL32.DLL
0x00007ff989f10000 - 0x00007ff98a1d8000 	C:\Windows\System32\KERNELBASE.dll
0x00007ff98b8e0000 - 0x00007ff98b98c000 	C:\Windows\System32\ADVAPI32.dll
0x00007ff98aab0000 - 0x00007ff98ab4e000 	C:\Windows\System32\msvcrt.dll
0x00007ff98b830000 - 0x00007ff98b8cb000 	C:\Windows\System32\sechost.dll
0x00007ff98a880000 - 0x00007ff98a9a4000 	C:\Windows\System32\RPCRT4.dll
0x00007ff98a680000 - 0x00007ff98a820000 	C:\Windows\System32\USER32.dll
0x00007ff98a1e0000 - 0x00007ff98a202000 	C:\Windows\System32\win32u.dll
0x00007ff98ada0000 - 0x00007ff98adca000 	C:\Windows\System32\GDI32.dll
0x00007ff98a310000 - 0x00007ff98a419000 	C:\Windows\System32\gdi32full.dll
0x00007ff989df0000 - 0x00007ff989e8d000 	C:\Windows\System32\msvcp_win.dll
0x00007ff98a210000 - 0x00007ff98a310000 	C:\Windows\System32\ucrtbase.dll
0x00007ff976e90000 - 0x00007ff97712b000 	C:\Windows\WinSxS\amd64_microsoft.windows.common-controls_6595b64144ccf1df_6.0.19041.488_none_ca04af081b815d21\COMCTL32.dll
0x00007ff98aa80000 - 0x00007ff98aab0000 	C:\Windows\System32\IMM32.DLL
0x0000000064800000 - 0x00000000648d2000 	C:\Program Files\Android\Android Studio\jre\jre\bin\msvcr100.dll
0x0000000065250000 - 0x0000000065a9b000 	C:\Program Files\Android\Android Studio\jre\jre\bin\server\jvm.dll
0x00007ff98b8d0000 - 0x00007ff98b8d8000 	C:\Windows\System32\PSAPI.DLL
0x00007ff985360000 - 0x00007ff985369000 	C:\Windows\SYSTEM32\WSOCK32.dll
0x00007ff98ae30000 - 0x00007ff98ae9b000 	C:\Windows\System32\WS2_32.dll
0x00007ff97fd30000 - 0x00007ff97fd57000 	C:\Windows\SYSTEM32\WINMM.dll
0x00007ff97fd60000 - 0x00007ff97fd6a000 	C:\Windows\SYSTEM32\VERSION.dll
0x00007ff985350000 - 0x00007ff98535f000 	C:\Program Files\Android\Android Studio\jre\jre\bin\verify.dll
0x00007ff9818a0000 - 0x00007ff9818c9000 	C:\Program Files\Android\Android Studio\jre\jre\bin\java.dll
0x00007ff980eb0000 - 0x00007ff980ec6000 	C:\Program Files\Android\Android Studio\jre\jre\bin\zip.dll
0x00007ff98be90000 - 0x00007ff98c5d1000 	C:\Windows\System32\SHELL32.dll
0x00007ff988550000 - 0x00007ff988ce5000 	C:\Windows\SYSTEM32\windows.storage.dll
0x00007ff98b200000 - 0x00007ff98b555000 	C:\Windows\System32\combase.dll
0x00007ff9897d0000 - 0x00007ff9897fc000 	C:\Windows\SYSTEM32\Wldp.dll
0x00007ff98b560000 - 0x00007ff98b60e000 	C:\Windows\System32\SHCORE.dll
0x00007ff98b050000 - 0x00007ff98b0a5000 	C:\Windows\System32\shlwapi.dll
0x00007ff989c90000 - 0x00007ff989cb6000 	C:\Windows\SYSTEM32\profapi.dll
0x00007ff97c680000 - 0x00007ff97c69a000 	C:\Program Files\Android\Android Studio\jre\jre\bin\net.dll
0x00007ff989480000 - 0x00007ff9894ea000 	C:\Windows\system32\mswsock.dll
0x00007ff97c660000 - 0x00007ff97c673000 	C:\Program Files\Android\Android Studio\jre\jre\bin\nio.dll

VM Arguments:
java_command: org.jetbrains.kotlin.cli.jvm.K2JVMCompiler @C:\Users\Admin\AndroidStudioProjects\6.2.ProgressBar\app\build\20210119_2952527468678998619.compiler.options
java_class_path (initial): C:\Users\Admin\.gradle\caches\modules-2\files-2.1\org.jetbrains.kotlin\kotlin-compiler-embeddable\1.4.10\38c4b99d5d5362debdd9302a866730379aa2328a\kotlin-compiler-embeddable-1.4.10.jar;C:\Users\Admin\.gradle\caches\modules-2\files-2.1\org.jetbrains.kotlin\kotlin-reflect\1.4.10\e2b3c6695eee6085e606d96d685396dce23a3a06\kotlin-reflect-1.4.10.jar;C:\Users\Admin\.gradle\caches\modules-2\files-2.1\org.jetbrains.kotlin\kotlin-stdlib\1.4.10\ea29e063d2bbe695be13e9d044dcfb0c7add398e\kotlin-stdlib-1.4.10.jar;C:\Users\Admin\.gradle\caches\modules-2\files-2.1\org.jetbrains.kotlin\kotlin-script-runtime\1.4.10\7c19d9c2001e016cd7664cebe9eea66fc04a7f4f\kotlin-script-runtime-1.4.10.jar;C:\Users\Admin\.gradle\caches\modules-2\files-2.1\org.jetbrains.kotlin\kotlin-daemon-embeddable\1.4.10\dbd67f42bed28043d17d7c860b06110a00a45970\kotlin-daemon-embeddable-1.4.10.jar;C:\Users\Admin\.gradle\caches\modules-2\files-2.1\org.jetbrains.intellij.deps\trove4j\1.0.20181211\216c2e14b070f334479d800987affe4054cd563f\trove4j-1.0.20181211.jar;C:\Users\Admin\.gradle\caches\modules-2\files-2.1\org.jetbrains.kotlin\kotlin-stdlib-common\1.4.10\6229be3465805c99db1142ad75e6c6ddeac0b04c\kotlin-stdlib-common-1.4.10.jar;C:\Users\Admin\.gradle\caches\modules-2\files-2.1\org.jetbrains\annotations\13.0\919f0dfe192fb4e063e7dacadee7f8bb9a2672a9\annotations-13.0.jar;C:\Program Files\Android\Android Studio\jre\lib\tools.jar
Launcher Type: SUN_STANDARD

Environment Variables:
PATH=C:\Program Files\Common Files\Oracle\Java\javapath;C:\Windows\system32;C:\Windows;C:\Windows\System32\Wbem;C:\Windows\System32\WindowsPowerShell\v1.0\;C:\Windows\System32\OpenSSH\;C:\Program Files\Git\cmd;C:\Users\Admin\AppData\Local\Microsoft\WindowsApps;
USERNAME=Admin
OS=Windows_NT
PROCESSOR_IDENTIFIER=Intel64 Family 6 Model 42 Stepping 7, GenuineIntel



---------------  S Y S T E M  ---------------

OS: Windows 10.0 , 64 bit Build 19041 (10.0.19041.546)

CPU:total 4 (initial active 4) (2 cores per cpu, 2 threads per core) family 6 model 42 stepping 7, cmov, cx8, fxsr, mmx, sse, sse2, sse3, ssse3, sse4.1, sse4.2, popcnt, avx, aes, clmul, ht, tsc, tscinvbit

Memory: 4k page, physical 8269532k(494224k free), swap 10366684k(5120k free)

vm_info: OpenJDK 64-Bit Server VM (25.242-b01) for windows-amd64 JRE (1.8.0_242-release-1644-b01), built by "builder" with MS VC++ 10.0 (VS2010)

time: Tue Jan 19 22:34:55 2021
timezone: RTZ 2 (зима)
elapsed time: 15 seconds (0d 0h 0m 15s)

